<?xml version="1.0" encoding="UTF-8"?>
<!-- Generated by org.testng.reporters.JUnitXMLReporter -->
<testsuite hostname="LAPTOP-T6G8BBFG" ignored="0" name="Test" tests="3" failures="0" timestamp="08 Sep 2018 21:42:07 GMT" time="49.86" errors="0">
  <testcase name="Launch" time="21.04" classname="pageActn.A_Home"/>
  <testcase name="Property_Cover" time="26.54" classname="pageActn.A_PropertyDetails"/>
  <testcase name="Preference" time="2.194" classname="pageActn.A_Preferences"/>
</testsuite> <!-- Test -->
